have_library: checking for -lstdc++... -------------------- yes

LD_LIBRARY_PATH=.:/nix/store/zy37gk8w7qvzxcpvl74d2zh1zvfsixj0-ruby-3.1.2/lib:/nix/store/hisqvx32cd57apbpcsnkpx6k3549wql1-libglvnd-1.4.0/lib:/nix/store/p36pgcv991mq5srvg765b78yqpxvk3qs-mesa-21.3.3-drivers/lib:/nix/store/mav4251if1ahjq5vkpwycyyvnmy459c4-pulseaudio-14.2/lib "gcc -o conftest -I/nix/store/zy37gk8w7qvzxcpvl74d2zh1zvfsixj0-ruby-3.1.2/include/ruby-3.1.0/x86_64-linux -I/nix/store/zy37gk8w7qvzxcpvl74d2zh1zvfsixj0-ruby-3.1.2/include/ruby-3.1.0/ruby/backward -I/nix/store/zy37gk8w7qvzxcpvl74d2zh1zvfsixj0-ruby-3.1.2/include/ruby-3.1.0 -I.    -O3 -fPIC conftest.c  -L. -L/nix/store/zy37gk8w7qvzxcpvl74d2zh1zvfsixj0-ruby-3.1.2/lib -Wl,-rpath,/nix/store/zy37gk8w7qvzxcpvl74d2zh1zvfsixj0-ruby-3.1.2/lib -L. -fstack-protector-strong -rdynamic -Wl,-export-dynamic -Wl,--no-as-needed     -Wl,-rpath,/nix/store/zy37gk8w7qvzxcpvl74d2zh1zvfsixj0-ruby-3.1.2/lib -L/nix/store/zy37gk8w7qvzxcpvl74d2zh1zvfsixj0-ruby-3.1.2/lib -lruby-3.1.2  -lm  -lc"
checked program was:
/* begin */
1: #include "ruby.h"
2: 
3: int main(int argc, char **argv)
4: {
5:   return !!argv[argc];
6: }
/* end */

LD_LIBRARY_PATH=.:/nix/store/zy37gk8w7qvzxcpvl74d2zh1zvfsixj0-ruby-3.1.2/lib:/nix/store/hisqvx32cd57apbpcsnkpx6k3549wql1-libglvnd-1.4.0/lib:/nix/store/p36pgcv991mq5srvg765b78yqpxvk3qs-mesa-21.3.3-drivers/lib:/nix/store/mav4251if1ahjq5vkpwycyyvnmy459c4-pulseaudio-14.2/lib "gcc -o conftest -I/nix/store/zy37gk8w7qvzxcpvl74d2zh1zvfsixj0-ruby-3.1.2/include/ruby-3.1.0/x86_64-linux -I/nix/store/zy37gk8w7qvzxcpvl74d2zh1zvfsixj0-ruby-3.1.2/include/ruby-3.1.0/ruby/backward -I/nix/store/zy37gk8w7qvzxcpvl74d2zh1zvfsixj0-ruby-3.1.2/include/ruby-3.1.0 -I.    -O3 -fPIC conftest.c  -L. -L/nix/store/zy37gk8w7qvzxcpvl74d2zh1zvfsixj0-ruby-3.1.2/lib -Wl,-rpath,/nix/store/zy37gk8w7qvzxcpvl74d2zh1zvfsixj0-ruby-3.1.2/lib -L. -fstack-protector-strong -rdynamic -Wl,-export-dynamic -Wl,--no-as-needed     -Wl,-rpath,/nix/store/zy37gk8w7qvzxcpvl74d2zh1zvfsixj0-ruby-3.1.2/lib -L/nix/store/zy37gk8w7qvzxcpvl74d2zh1zvfsixj0-ruby-3.1.2/lib -lruby-3.1.2 -lstdc++  -lm  -lc"
checked program was:
/* begin */
 1: #include "ruby.h"
 2: 
 3: /*top*/
 4: extern int t(void);
 5: int main(int argc, char **argv)
 6: {
 7:   if (argc > 1000000) {
 8:     int (* volatile tp)(void)=(int (*)(void))&t;
 9:     printf("%d", (*tp)());
10:   }
11: 
12:   return !!argv[argc];
13: }
14: 
15: int t(void) { ; return 0; }
/* end */

--------------------

